The system is: Linux - 3.10.0-1160.80.1.el7.x86_64 - x86_64
Compiling the C compiler identification source file "CMakeCCompilerId.c" succeeded.
Compiler: /usr/bin/cc 
Build flags: 
Id flags: 

The output was:
0


Compilation of the C compiler identification source "CMakeCCompilerId.c" produced "a.out"

The C compiler identification is GNU, found in "/datasets/home/67/767/arbera/project_ece284/libdivsufsort/build/CMakeFiles/2.8.12.2/CompilerIdC/a.out"

Determining if the C compiler works passed with the following output:
Change Dir: /datasets/home/67/767/arbera/project_ece284/libdivsufsort/build/CMakeFiles/CMakeTmp

Run Build Command:/usr/bin/gmake "cmTryCompileExec2708528177/fast"
/usr/bin/gmake -f CMakeFiles/cmTryCompileExec2708528177.dir/build.make CMakeFiles/cmTryCompileExec2708528177.dir/build
gmake[1]: Entering directory `/dsmlp/datasets/home/home-02/67/767/arbera/project_ece284/libdivsufsort/build/CMakeFiles/CMakeTmp'
/usr/bin/cmake -E cmake_progress_report /datasets/home/67/767/arbera/project_ece284/libdivsufsort/build/CMakeFiles/CMakeTmp/CMakeFiles 1
Building C object CMakeFiles/cmTryCompileExec2708528177.dir/testCCompiler.c.o
/usr/bin/cc    -o CMakeFiles/cmTryCompileExec2708528177.dir/testCCompiler.c.o   -c /datasets/home/67/767/arbera/project_ece284/libdivsufsort/build/CMakeFiles/CMakeTmp/testCCompiler.c
Linking C executable cmTryCompileExec2708528177
/usr/bin/cmake -E cmake_link_script CMakeFiles/cmTryCompileExec2708528177.dir/link.txt --verbose=1
/usr/bin/cc       CMakeFiles/cmTryCompileExec2708528177.dir/testCCompiler.c.o  -o cmTryCompileExec2708528177 -rdynamic 
gmake[1]: Leaving directory `/dsmlp/datasets/home/home-02/67/767/arbera/project_ece284/libdivsufsort/build/CMakeFiles/CMakeTmp'


Detecting C compiler ABI info compiled with the following output:
Change Dir: /datasets/home/67/767/arbera/project_ece284/libdivsufsort/build/CMakeFiles/CMakeTmp

Run Build Command:/usr/bin/gmake "cmTryCompileExec2125994476/fast"
/usr/bin/gmake -f CMakeFiles/cmTryCompileExec2125994476.dir/build.make CMakeFiles/cmTryCompileExec2125994476.dir/build
gmake[1]: Entering directory `/dsmlp/datasets/home/home-02/67/767/arbera/project_ece284/libdivsufsort/build/CMakeFiles/CMakeTmp'
/usr/bin/cmake -E cmake_progress_report /datasets/home/67/767/arbera/project_ece284/libdivsufsort/build/CMakeFiles/CMakeTmp/CMakeFiles 1
Building C object CMakeFiles/cmTryCompileExec2125994476.dir/CMakeCCompilerABI.c.o
/usr/bin/cc    -o CMakeFiles/cmTryCompileExec2125994476.dir/CMakeCCompilerABI.c.o   -c /usr/share/cmake/Modules/CMakeCCompilerABI.c
Linking C executable cmTryCompileExec2125994476
/usr/bin/cmake -E cmake_link_script CMakeFiles/cmTryCompileExec2125994476.dir/link.txt --verbose=1
/usr/bin/cc     -v CMakeFiles/cmTryCompileExec2125994476.dir/CMakeCCompilerABI.c.o  -o cmTryCompileExec2125994476 -rdynamic  
Using built-in specs.
COLLECT_GCC=/usr/bin/cc
COLLECT_LTO_WRAPPER=/usr/libexec/gcc/x86_64-redhat-linux/4.8.5/lto-wrapper
Target: x86_64-redhat-linux
Configured with: ../configure --prefix=/usr --mandir=/usr/share/man --infodir=/usr/share/info --with-bugurl=http://bugzilla.redhat.com/bugzilla --enable-bootstrap --enable-shared --enable-threads=posix --enable-checking=release --with-system-zlib --enable-__cxa_atexit --disable-libunwind-exceptions --enable-gnu-unique-object --enable-linker-build-id --with-linker-hash-style=gnu --enable-languages=c,c++,objc,obj-c++,java,fortran,ada,go,lto --enable-plugin --enable-initfini-array --disable-libgcj --with-isl=/builddir/build/BUILD/gcc-4.8.5-20150702/obj-x86_64-redhat-linux/isl-install --with-cloog=/builddir/build/BUILD/gcc-4.8.5-20150702/obj-x86_64-redhat-linux/cloog-install --enable-gnu-indirect-function --with-tune=generic --with-arch_32=x86-64 --build=x86_64-redhat-linux
Thread model: posix
gcc version 4.8.5 20150623 (Red Hat 4.8.5-44) (GCC) 
COMPILER_PATH=/usr/libexec/gcc/x86_64-redhat-linux/4.8.5/:/usr/libexec/gcc/x86_64-redhat-linux/4.8.5/:/usr/libexec/gcc/x86_64-redhat-linux/:/usr/lib/gcc/x86_64-redhat-linux/4.8.5/:/usr/lib/gcc/x86_64-redhat-linux/
LIBRARY_PATH=/usr/lib/gcc/x86_64-redhat-linux/4.8.5/:/usr/lib/gcc/x86_64-redhat-linux/4.8.5/../../../../lib64/:/lib/../lib64/:/usr/lib/../lib64/:/usr/lib/gcc/x86_64-redhat-linux/4.8.5/../../../:/lib/:/usr/lib/
COLLECT_GCC_OPTIONS='-v' '-o' 'cmTryCompileExec2125994476' '-rdynamic' '-mtune=generic' '-march=x86-64'
 /usr/libexec/gcc/x86_64-redhat-linux/4.8.5/collect2 --build-id --no-add-needed --eh-frame-hdr --hash-style=gnu -m elf_x86_64 -export-dynamic -dynamic-linker /lib64/ld-linux-x86-64.so.2 -o cmTryCompileExec2125994476 /usr/lib/gcc/x86_64-redhat-linux/4.8.5/../../../../lib64/crt1.o /usr/lib/gcc/x86_64-redhat-linux/4.8.5/../../../../lib64/crti.o /usr/lib/gcc/x86_64-redhat-linux/4.8.5/crtbegin.o -L/usr/lib/gcc/x86_64-redhat-linux/4.8.5 -L/usr/lib/gcc/x86_64-redhat-linux/4.8.5/../../../../lib64 -L/lib/../lib64 -L/usr/lib/../lib64 -L/usr/lib/gcc/x86_64-redhat-linux/4.8.5/../../.. CMakeFiles/cmTryCompileExec2125994476.dir/CMakeCCompilerABI.c.o -lgcc --as-needed -lgcc_s --no-as-needed -lc -lgcc --as-needed -lgcc_s --no-as-needed /usr/lib/gcc/x86_64-redhat-linux/4.8.5/crtend.o /usr/lib/gcc/x86_64-redhat-linux/4.8.5/../../../../lib64/crtn.o
gmake[1]: Leaving directory `/dsmlp/datasets/home/home-02/67/767/arbera/project_ece284/libdivsufsort/build/CMakeFiles/CMakeTmp'


Parsed C implicit link information from above output:
  link line regex: [^( *|.*[/\])(ld|([^/\]+-)?ld|collect2)[^/\]*( |$)]
  ignore line: [Change Dir: /datasets/home/67/767/arbera/project_ece284/libdivsufsort/build/CMakeFiles/CMakeTmp]
  ignore line: []
  ignore line: [Run Build Command:/usr/bin/gmake "cmTryCompileExec2125994476/fast"]
  ignore line: [/usr/bin/gmake -f CMakeFiles/cmTryCompileExec2125994476.dir/build.make CMakeFiles/cmTryCompileExec2125994476.dir/build]
  ignore line: [gmake[1]: Entering directory `/dsmlp/datasets/home/home-02/67/767/arbera/project_ece284/libdivsufsort/build/CMakeFiles/CMakeTmp']
  ignore line: [/usr/bin/cmake -E cmake_progress_report /datasets/home/67/767/arbera/project_ece284/libdivsufsort/build/CMakeFiles/CMakeTmp/CMakeFiles 1]
  ignore line: [Building C object CMakeFiles/cmTryCompileExec2125994476.dir/CMakeCCompilerABI.c.o]
  ignore line: [/usr/bin/cc    -o CMakeFiles/cmTryCompileExec2125994476.dir/CMakeCCompilerABI.c.o   -c /usr/share/cmake/Modules/CMakeCCompilerABI.c]
  ignore line: [Linking C executable cmTryCompileExec2125994476]
  ignore line: [/usr/bin/cmake -E cmake_link_script CMakeFiles/cmTryCompileExec2125994476.dir/link.txt --verbose=1]
  ignore line: [/usr/bin/cc     -v CMakeFiles/cmTryCompileExec2125994476.dir/CMakeCCompilerABI.c.o  -o cmTryCompileExec2125994476 -rdynamic  ]
  ignore line: [Using built-in specs.]
  ignore line: [COLLECT_GCC=/usr/bin/cc]
  ignore line: [COLLECT_LTO_WRAPPER=/usr/libexec/gcc/x86_64-redhat-linux/4.8.5/lto-wrapper]
  ignore line: [Target: x86_64-redhat-linux]
  ignore line: [Configured with: ../configure --prefix=/usr --mandir=/usr/share/man --infodir=/usr/share/info --with-bugurl=http://bugzilla.redhat.com/bugzilla --enable-bootstrap --enable-shared --enable-threads=posix --enable-checking=release --with-system-zlib --enable-__cxa_atexit --disable-libunwind-exceptions --enable-gnu-unique-object --enable-linker-build-id --with-linker-hash-style=gnu --enable-languages=c,c++,objc,obj-c++,java,fortran,ada,go,lto --enable-plugin --enable-initfini-array --disable-libgcj --with-isl=/builddir/build/BUILD/gcc-4.8.5-20150702/obj-x86_64-redhat-linux/isl-install --with-cloog=/builddir/build/BUILD/gcc-4.8.5-20150702/obj-x86_64-redhat-linux/cloog-install --enable-gnu-indirect-function --with-tune=generic --with-arch_32=x86-64 --build=x86_64-redhat-linux]
  ignore line: [Thread model: posix]
  ignore line: [gcc version 4.8.5 20150623 (Red Hat 4.8.5-44) (GCC) ]
  ignore line: [COMPILER_PATH=/usr/libexec/gcc/x86_64-redhat-linux/4.8.5/:/usr/libexec/gcc/x86_64-redhat-linux/4.8.5/:/usr/libexec/gcc/x86_64-redhat-linux/:/usr/lib/gcc/x86_64-redhat-linux/4.8.5/:/usr/lib/gcc/x86_64-redhat-linux/]
  ignore line: [LIBRARY_PATH=/usr/lib/gcc/x86_64-redhat-linux/4.8.5/:/usr/lib/gcc/x86_64-redhat-linux/4.8.5/../../../../lib64/:/lib/../lib64/:/usr/lib/../lib64/:/usr/lib/gcc/x86_64-redhat-linux/4.8.5/../../../:/lib/:/usr/lib/]
  ignore line: [COLLECT_GCC_OPTIONS='-v' '-o' 'cmTryCompileExec2125994476' '-rdynamic' '-mtune=generic' '-march=x86-64']
  link line: [ /usr/libexec/gcc/x86_64-redhat-linux/4.8.5/collect2 --build-id --no-add-needed --eh-frame-hdr --hash-style=gnu -m elf_x86_64 -export-dynamic -dynamic-linker /lib64/ld-linux-x86-64.so.2 -o cmTryCompileExec2125994476 /usr/lib/gcc/x86_64-redhat-linux/4.8.5/../../../../lib64/crt1.o /usr/lib/gcc/x86_64-redhat-linux/4.8.5/../../../../lib64/crti.o /usr/lib/gcc/x86_64-redhat-linux/4.8.5/crtbegin.o -L/usr/lib/gcc/x86_64-redhat-linux/4.8.5 -L/usr/lib/gcc/x86_64-redhat-linux/4.8.5/../../../../lib64 -L/lib/../lib64 -L/usr/lib/../lib64 -L/usr/lib/gcc/x86_64-redhat-linux/4.8.5/../../.. CMakeFiles/cmTryCompileExec2125994476.dir/CMakeCCompilerABI.c.o -lgcc --as-needed -lgcc_s --no-as-needed -lc -lgcc --as-needed -lgcc_s --no-as-needed /usr/lib/gcc/x86_64-redhat-linux/4.8.5/crtend.o /usr/lib/gcc/x86_64-redhat-linux/4.8.5/../../../../lib64/crtn.o]
    arg [/usr/libexec/gcc/x86_64-redhat-linux/4.8.5/collect2] ==> ignore
    arg [--build-id] ==> ignore
    arg [--no-add-needed] ==> ignore
    arg [--eh-frame-hdr] ==> ignore
    arg [--hash-style=gnu] ==> ignore
    arg [-m] ==> ignore
    arg [elf_x86_64] ==> ignore
    arg [-export-dynamic] ==> ignore
    arg [-dynamic-linker] ==> ignore
    arg [/lib64/ld-linux-x86-64.so.2] ==> ignore
    arg [-o] ==> ignore
    arg [cmTryCompileExec2125994476] ==> ignore
    arg [/usr/lib/gcc/x86_64-redhat-linux/4.8.5/../../../../lib64/crt1.o] ==> ignore
    arg [/usr/lib/gcc/x86_64-redhat-linux/4.8.5/../../../../lib64/crti.o] ==> ignore
    arg [/usr/lib/gcc/x86_64-redhat-linux/4.8.5/crtbegin.o] ==> ignore
    arg [-L/usr/lib/gcc/x86_64-redhat-linux/4.8.5] ==> dir [/usr/lib/gcc/x86_64-redhat-linux/4.8.5]
    arg [-L/usr/lib/gcc/x86_64-redhat-linux/4.8.5/../../../../lib64] ==> dir [/usr/lib/gcc/x86_64-redhat-linux/4.8.5/../../../../lib64]
    arg [-L/lib/../lib64] ==> dir [/lib/../lib64]
    arg [-L/usr/lib/../lib64] ==> dir [/usr/lib/../lib64]
    arg [-L/usr/lib/gcc/x86_64-redhat-linux/4.8.5/../../..] ==> dir [/usr/lib/gcc/x86_64-redhat-linux/4.8.5/../../..]
    arg [CMakeFiles/cmTryCompileExec2125994476.dir/CMakeCCompilerABI.c.o] ==> ignore
    arg [-lgcc] ==> lib [gcc]
    arg [--as-needed] ==> ignore
    arg [-lgcc_s] ==> lib [gcc_s]
    arg [--no-as-needed] ==> ignore
    arg [-lc] ==> lib [c]
    arg [-lgcc] ==> lib [gcc]
    arg [--as-needed] ==> ignore
    arg [-lgcc_s] ==> lib [gcc_s]
    arg [--no-as-needed] ==> ignore
    arg [/usr/lib/gcc/x86_64-redhat-linux/4.8.5/crtend.o] ==> ignore
    arg [/usr/lib/gcc/x86_64-redhat-linux/4.8.5/../../../../lib64/crtn.o] ==> ignore
  remove lib [gcc]
  remove lib [gcc_s]
  remove lib [gcc]
  remove lib [gcc_s]
  collapse library dir [/usr/lib/gcc/x86_64-redhat-linux/4.8.5] ==> [/usr/lib/gcc/x86_64-redhat-linux/4.8.5]
  collapse library dir [/usr/lib/gcc/x86_64-redhat-linux/4.8.5/../../../../lib64] ==> [/usr/lib64]
  collapse library dir [/lib/../lib64] ==> [/lib64]
  collapse library dir [/usr/lib/../lib64] ==> [/usr/lib64]
  collapse library dir [/usr/lib/gcc/x86_64-redhat-linux/4.8.5/../../..] ==> [/usr/lib]
  implicit libs: [c]
  implicit dirs: [/usr/lib/gcc/x86_64-redhat-linux/4.8.5;/usr/lib64;/lib64;/usr/lib]
  implicit fwks: []


Performing C SOURCE FILE Test HAVE_GCC_WALL succeded with the following output:
Change Dir: /datasets/home/67/767/arbera/project_ece284/libdivsufsort/build/CMakeFiles/CMakeTmp

Run Build Command:/usr/bin/gmake "cmTryCompileExec1683723/fast"
/usr/bin/gmake -f CMakeFiles/cmTryCompileExec1683723.dir/build.make CMakeFiles/cmTryCompileExec1683723.dir/build
gmake[1]: Entering directory `/dsmlp/datasets/home/home-02/67/767/arbera/project_ece284/libdivsufsort/build/CMakeFiles/CMakeTmp'
/usr/bin/cmake -E cmake_progress_report /datasets/home/67/767/arbera/project_ece284/libdivsufsort/build/CMakeFiles/CMakeTmp/CMakeFiles 1
Building C object CMakeFiles/cmTryCompileExec1683723.dir/src.c.o
/usr/bin/cc   -DHAVE_GCC_WALL -Wall   -o CMakeFiles/cmTryCompileExec1683723.dir/src.c.o   -c /datasets/home/67/767/arbera/project_ece284/libdivsufsort/build/CMakeFiles/CMakeTmp/src.c
Linking C executable cmTryCompileExec1683723
/usr/bin/cmake -E cmake_link_script CMakeFiles/cmTryCompileExec1683723.dir/link.txt --verbose=1
/usr/bin/cc   -DHAVE_GCC_WALL -Wall    CMakeFiles/cmTryCompileExec1683723.dir/src.c.o  -o cmTryCompileExec1683723 -rdynamic 
gmake[1]: Leaving directory `/dsmlp/datasets/home/home-02/67/767/arbera/project_ece284/libdivsufsort/build/CMakeFiles/CMakeTmp'

Source file was:
int main() { return 0; }
Performing C SOURCE FILE Test HAVE_GCC_FOMIT_FRAME_POINTER succeded with the following output:
Change Dir: /datasets/home/67/767/arbera/project_ece284/libdivsufsort/build/CMakeFiles/CMakeTmp

Run Build Command:/usr/bin/gmake "cmTryCompileExec571282427/fast"
/usr/bin/gmake -f CMakeFiles/cmTryCompileExec571282427.dir/build.make CMakeFiles/cmTryCompileExec571282427.dir/build
gmake[1]: Entering directory `/dsmlp/datasets/home/home-02/67/767/arbera/project_ece284/libdivsufsort/build/CMakeFiles/CMakeTmp'
/usr/bin/cmake -E cmake_progress_report /datasets/home/67/767/arbera/project_ece284/libdivsufsort/build/CMakeFiles/CMakeTmp/CMakeFiles 1
Building C object CMakeFiles/cmTryCompileExec571282427.dir/src.c.o
/usr/bin/cc   -Wall -DHAVE_GCC_FOMIT_FRAME_POINTER -fomit-frame-pointer   -o CMakeFiles/cmTryCompileExec571282427.dir/src.c.o   -c /datasets/home/67/767/arbera/project_ece284/libdivsufsort/build/CMakeFiles/CMakeTmp/src.c
Linking C executable cmTryCompileExec571282427
/usr/bin/cmake -E cmake_link_script CMakeFiles/cmTryCompileExec571282427.dir/link.txt --verbose=1
/usr/bin/cc   -Wall -DHAVE_GCC_FOMIT_FRAME_POINTER -fomit-frame-pointer    CMakeFiles/cmTryCompileExec571282427.dir/src.c.o  -o cmTryCompileExec571282427 -rdynamic 
gmake[1]: Leaving directory `/dsmlp/datasets/home/home-02/67/767/arbera/project_ece284/libdivsufsort/build/CMakeFiles/CMakeTmp'

Source file was:
int main() { return 0; }
Determining if the include file inttypes.h exists passed with the following output:
Change Dir: /datasets/home/67/767/arbera/project_ece284/libdivsufsort/build/CMakeFiles/CMakeTmp

Run Build Command:/usr/bin/gmake "cmTryCompileExec391015413/fast"
/usr/bin/gmake -f CMakeFiles/cmTryCompileExec391015413.dir/build.make CMakeFiles/cmTryCompileExec391015413.dir/build
gmake[1]: Entering directory `/dsmlp/datasets/home/home-02/67/767/arbera/project_ece284/libdivsufsort/build/CMakeFiles/CMakeTmp'
/usr/bin/cmake -E cmake_progress_report /datasets/home/67/767/arbera/project_ece284/libdivsufsort/build/CMakeFiles/CMakeTmp/CMakeFiles 1
Building C object CMakeFiles/cmTryCompileExec391015413.dir/CheckIncludeFile.c.o
/usr/bin/cc   -Wall    -o CMakeFiles/cmTryCompileExec391015413.dir/CheckIncludeFile.c.o   -c /datasets/home/67/767/arbera/project_ece284/libdivsufsort/build/CMakeFiles/CMakeTmp/CheckIncludeFile.c
Linking C executable cmTryCompileExec391015413
/usr/bin/cmake -E cmake_link_script CMakeFiles/cmTryCompileExec391015413.dir/link.txt --verbose=1
/usr/bin/cc   -Wall     CMakeFiles/cmTryCompileExec391015413.dir/CheckIncludeFile.c.o  -o cmTryCompileExec391015413 -rdynamic 
gmake[1]: Leaving directory `/dsmlp/datasets/home/home-02/67/767/arbera/project_ece284/libdivsufsort/build/CMakeFiles/CMakeTmp'


Determining if the include file memory.h exists passed with the following output:
Change Dir: /datasets/home/67/767/arbera/project_ece284/libdivsufsort/build/CMakeFiles/CMakeTmp

Run Build Command:/usr/bin/gmake "cmTryCompileExec3612005511/fast"
/usr/bin/gmake -f CMakeFiles/cmTryCompileExec3612005511.dir/build.make CMakeFiles/cmTryCompileExec3612005511.dir/build
gmake[1]: Entering directory `/dsmlp/datasets/home/home-02/67/767/arbera/project_ece284/libdivsufsort/build/CMakeFiles/CMakeTmp'
/usr/bin/cmake -E cmake_progress_report /datasets/home/67/767/arbera/project_ece284/libdivsufsort/build/CMakeFiles/CMakeTmp/CMakeFiles 1
Building C object CMakeFiles/cmTryCompileExec3612005511.dir/CheckIncludeFile.c.o
/usr/bin/cc   -Wall    -o CMakeFiles/cmTryCompileExec3612005511.dir/CheckIncludeFile.c.o   -c /datasets/home/67/767/arbera/project_ece284/libdivsufsort/build/CMakeFiles/CMakeTmp/CheckIncludeFile.c
Linking C executable cmTryCompileExec3612005511
/usr/bin/cmake -E cmake_link_script CMakeFiles/cmTryCompileExec3612005511.dir/link.txt --verbose=1
/usr/bin/cc   -Wall     CMakeFiles/cmTryCompileExec3612005511.dir/CheckIncludeFile.c.o  -o cmTryCompileExec3612005511 -rdynamic 
gmake[1]: Leaving directory `/dsmlp/datasets/home/home-02/67/767/arbera/project_ece284/libdivsufsort/build/CMakeFiles/CMakeTmp'


Determining if the include file stddef.h exists passed with the following output:
Change Dir: /datasets/home/67/767/arbera/project_ece284/libdivsufsort/build/CMakeFiles/CMakeTmp

Run Build Command:/usr/bin/gmake "cmTryCompileExec1233491968/fast"
/usr/bin/gmake -f CMakeFiles/cmTryCompileExec1233491968.dir/build.make CMakeFiles/cmTryCompileExec1233491968.dir/build
gmake[1]: Entering directory `/dsmlp/datasets/home/home-02/67/767/arbera/project_ece284/libdivsufsort/build/CMakeFiles/CMakeTmp'
/usr/bin/cmake -E cmake_progress_report /datasets/home/67/767/arbera/project_ece284/libdivsufsort/build/CMakeFiles/CMakeTmp/CMakeFiles 1
Building C object CMakeFiles/cmTryCompileExec1233491968.dir/CheckIncludeFile.c.o
/usr/bin/cc   -Wall    -o CMakeFiles/cmTryCompileExec1233491968.dir/CheckIncludeFile.c.o   -c /datasets/home/67/767/arbera/project_ece284/libdivsufsort/build/CMakeFiles/CMakeTmp/CheckIncludeFile.c
Linking C executable cmTryCompileExec1233491968
/usr/bin/cmake -E cmake_link_script CMakeFiles/cmTryCompileExec1233491968.dir/link.txt --verbose=1
/usr/bin/cc   -Wall     CMakeFiles/cmTryCompileExec1233491968.dir/CheckIncludeFile.c.o  -o cmTryCompileExec1233491968 -rdynamic 
gmake[1]: Leaving directory `/dsmlp/datasets/home/home-02/67/767/arbera/project_ece284/libdivsufsort/build/CMakeFiles/CMakeTmp'


Determining if the include file stdint.h exists passed with the following output:
Change Dir: /datasets/home/67/767/arbera/project_ece284/libdivsufsort/build/CMakeFiles/CMakeTmp

Run Build Command:/usr/bin/gmake "cmTryCompileExec1831018161/fast"
/usr/bin/gmake -f CMakeFiles/cmTryCompileExec1831018161.dir/build.make CMakeFiles/cmTryCompileExec1831018161.dir/build
gmake[1]: Entering directory `/dsmlp/datasets/home/home-02/67/767/arbera/project_ece284/libdivsufsort/build/CMakeFiles/CMakeTmp'
/usr/bin/cmake -E cmake_progress_report /datasets/home/67/767/arbera/project_ece284/libdivsufsort/build/CMakeFiles/CMakeTmp/CMakeFiles 1
Building C object CMakeFiles/cmTryCompileExec1831018161.dir/CheckIncludeFile.c.o
/usr/bin/cc   -Wall    -o CMakeFiles/cmTryCompileExec1831018161.dir/CheckIncludeFile.c.o   -c /datasets/home/67/767/arbera/project_ece284/libdivsufsort/build/CMakeFiles/CMakeTmp/CheckIncludeFile.c
Linking C executable cmTryCompileExec1831018161
/usr/bin/cmake -E cmake_link_script CMakeFiles/cmTryCompileExec1831018161.dir/link.txt --verbose=1
/usr/bin/cc   -Wall     CMakeFiles/cmTryCompileExec1831018161.dir/CheckIncludeFile.c.o  -o cmTryCompileExec1831018161 -rdynamic 
gmake[1]: Leaving directory `/dsmlp/datasets/home/home-02/67/767/arbera/project_ece284/libdivsufsort/build/CMakeFiles/CMakeTmp'


Determining if the include file stdlib.h exists passed with the following output:
Change Dir: /datasets/home/67/767/arbera/project_ece284/libdivsufsort/build/CMakeFiles/CMakeTmp

Run Build Command:/usr/bin/gmake "cmTryCompileExec478549516/fast"
/usr/bin/gmake -f CMakeFiles/cmTryCompileExec478549516.dir/build.make CMakeFiles/cmTryCompileExec478549516.dir/build
gmake[1]: Entering directory `/dsmlp/datasets/home/home-02/67/767/arbera/project_ece284/libdivsufsort/build/CMakeFiles/CMakeTmp'
/usr/bin/cmake -E cmake_progress_report /datasets/home/67/767/arbera/project_ece284/libdivsufsort/build/CMakeFiles/CMakeTmp/CMakeFiles 1
Building C object CMakeFiles/cmTryCompileExec478549516.dir/CheckIncludeFile.c.o
/usr/bin/cc   -Wall    -o CMakeFiles/cmTryCompileExec478549516.dir/CheckIncludeFile.c.o   -c /datasets/home/67/767/arbera/project_ece284/libdivsufsort/build/CMakeFiles/CMakeTmp/CheckIncludeFile.c
Linking C executable cmTryCompileExec478549516
/usr/bin/cmake -E cmake_link_script CMakeFiles/cmTryCompileExec478549516.dir/link.txt --verbose=1
/usr/bin/cc   -Wall     CMakeFiles/cmTryCompileExec478549516.dir/CheckIncludeFile.c.o  -o cmTryCompileExec478549516 -rdynamic 
gmake[1]: Leaving directory `/dsmlp/datasets/home/home-02/67/767/arbera/project_ece284/libdivsufsort/build/CMakeFiles/CMakeTmp'


Determining if the include file string.h exists passed with the following output:
Change Dir: /datasets/home/67/767/arbera/project_ece284/libdivsufsort/build/CMakeFiles/CMakeTmp

Run Build Command:/usr/bin/gmake "cmTryCompileExec39724489/fast"
/usr/bin/gmake -f CMakeFiles/cmTryCompileExec39724489.dir/build.make CMakeFiles/cmTryCompileExec39724489.dir/build
gmake[1]: Entering directory `/dsmlp/datasets/home/home-02/67/767/arbera/project_ece284/libdivsufsort/build/CMakeFiles/CMakeTmp'
gmake[1]: Warning: File `CMakeFiles/cmTryCompileExec39724489.dir/progress.make' has modification time 0.0032 s in the future
/usr/bin/cmake -E cmake_progress_report /datasets/home/67/767/arbera/project_ece284/libdivsufsort/build/CMakeFiles/CMakeTmp/CMakeFiles 1
Building C object CMakeFiles/cmTryCompileExec39724489.dir/CheckIncludeFile.c.o
/usr/bin/cc   -Wall    -o CMakeFiles/cmTryCompileExec39724489.dir/CheckIncludeFile.c.o   -c /datasets/home/67/767/arbera/project_ece284/libdivsufsort/build/CMakeFiles/CMakeTmp/CheckIncludeFile.c
Linking C executable cmTryCompileExec39724489
/usr/bin/cmake -E cmake_link_script CMakeFiles/cmTryCompileExec39724489.dir/link.txt --verbose=1
/usr/bin/cc   -Wall     CMakeFiles/cmTryCompileExec39724489.dir/CheckIncludeFile.c.o  -o cmTryCompileExec39724489 -rdynamic 
gmake[1]: Leaving directory `/dsmlp/datasets/home/home-02/67/767/arbera/project_ece284/libdivsufsort/build/CMakeFiles/CMakeTmp'
gmake[1]: warning:  Clock skew detected.  Your build may be incomplete.


Determining if the include file strings.h exists passed with the following output:
Change Dir: /datasets/home/67/767/arbera/project_ece284/libdivsufsort/build/CMakeFiles/CMakeTmp

Run Build Command:/usr/bin/gmake "cmTryCompileExec1753618898/fast"
/usr/bin/gmake -f CMakeFiles/cmTryCompileExec1753618898.dir/build.make CMakeFiles/cmTryCompileExec1753618898.dir/build
gmake[1]: Entering directory `/dsmlp/datasets/home/home-02/67/767/arbera/project_ece284/libdivsufsort/build/CMakeFiles/CMakeTmp'
/usr/bin/cmake -E cmake_progress_report /datasets/home/67/767/arbera/project_ece284/libdivsufsort/build/CMakeFiles/CMakeTmp/CMakeFiles 1
Building C object CMakeFiles/cmTryCompileExec1753618898.dir/CheckIncludeFile.c.o
/usr/bin/cc   -Wall    -o CMakeFiles/cmTryCompileExec1753618898.dir/CheckIncludeFile.c.o   -c /datasets/home/67/767/arbera/project_ece284/libdivsufsort/build/CMakeFiles/CMakeTmp/CheckIncludeFile.c
Linking C executable cmTryCompileExec1753618898
/usr/bin/cmake -E cmake_link_script CMakeFiles/cmTryCompileExec1753618898.dir/link.txt --verbose=1
/usr/bin/cc   -Wall     CMakeFiles/cmTryCompileExec1753618898.dir/CheckIncludeFile.c.o  -o cmTryCompileExec1753618898 -rdynamic 
gmake[1]: Leaving directory `/dsmlp/datasets/home/home-02/67/767/arbera/project_ece284/libdivsufsort/build/CMakeFiles/CMakeTmp'


Determining if the include file sys/types.h exists passed with the following output:
Change Dir: /datasets/home/67/767/arbera/project_ece284/libdivsufsort/build/CMakeFiles/CMakeTmp

Run Build Command:/usr/bin/gmake "cmTryCompileExec2753260384/fast"
/usr/bin/gmake -f CMakeFiles/cmTryCompileExec2753260384.dir/build.make CMakeFiles/cmTryCompileExec2753260384.dir/build
gmake[1]: Entering directory `/dsmlp/datasets/home/home-02/67/767/arbera/project_ece284/libdivsufsort/build/CMakeFiles/CMakeTmp'
/usr/bin/cmake -E cmake_progress_report /datasets/home/67/767/arbera/project_ece284/libdivsufsort/build/CMakeFiles/CMakeTmp/CMakeFiles 1
Building C object CMakeFiles/cmTryCompileExec2753260384.dir/CheckIncludeFile.c.o
/usr/bin/cc   -Wall    -o CMakeFiles/cmTryCompileExec2753260384.dir/CheckIncludeFile.c.o   -c /datasets/home/67/767/arbera/project_ece284/libdivsufsort/build/CMakeFiles/CMakeTmp/CheckIncludeFile.c
Linking C executable cmTryCompileExec2753260384
/usr/bin/cmake -E cmake_link_script CMakeFiles/cmTryCompileExec2753260384.dir/link.txt --verbose=1
/usr/bin/cc   -Wall     CMakeFiles/cmTryCompileExec2753260384.dir/CheckIncludeFile.c.o  -o cmTryCompileExec2753260384 -rdynamic 
gmake[1]: Leaving directory `/dsmlp/datasets/home/home-02/67/767/arbera/project_ece284/libdivsufsort/build/CMakeFiles/CMakeTmp'


Determining size of off_t passed with the following output:
Change Dir: /datasets/home/67/767/arbera/project_ece284/libdivsufsort/build/CMakeFiles/CMakeTmp

Run Build Command:/usr/bin/gmake "cmTryCompileExec899670388/fast"
/usr/bin/gmake -f CMakeFiles/cmTryCompileExec899670388.dir/build.make CMakeFiles/cmTryCompileExec899670388.dir/build
gmake[1]: Entering directory `/dsmlp/datasets/home/home-02/67/767/arbera/project_ece284/libdivsufsort/build/CMakeFiles/CMakeTmp'
/usr/bin/cmake -E cmake_progress_report /datasets/home/67/767/arbera/project_ece284/libdivsufsort/build/CMakeFiles/CMakeTmp/CMakeFiles 1
Building C object CMakeFiles/cmTryCompileExec899670388.dir/SIZEOF_OFF_T.c.o
/usr/bin/cc  -D_FILE_OFFSET_BITS=64 -D_LARGEFILE_SOURCE -D_LARGE_FILES -D__STDC_CONSTANT_MACROS -D__STDC_FORMAT_MACROS -D__STDC_LIMIT_MACROS -Wall    -o CMakeFiles/cmTryCompileExec899670388.dir/SIZEOF_OFF_T.c.o   -c /datasets/home/67/767/arbera/project_ece284/libdivsufsort/build/CMakeFiles/CheckTypeSize/SIZEOF_OFF_T.c
Linking C executable cmTryCompileExec899670388
/usr/bin/cmake -E cmake_link_script CMakeFiles/cmTryCompileExec899670388.dir/link.txt --verbose=1
/usr/bin/cc   -Wall     CMakeFiles/cmTryCompileExec899670388.dir/SIZEOF_OFF_T.c.o  -o cmTryCompileExec899670388 -rdynamic 
gmake[1]: Leaving directory `/dsmlp/datasets/home/home-02/67/767/arbera/project_ece284/libdivsufsort/build/CMakeFiles/CMakeTmp'


Determining if the fseeko exist passed with the following output:
Change Dir: /datasets/home/67/767/arbera/project_ece284/libdivsufsort/build/CMakeFiles/CMakeTmp

Run Build Command:/usr/bin/gmake "cmTryCompileExec3989635796/fast"
/usr/bin/gmake -f CMakeFiles/cmTryCompileExec3989635796.dir/build.make CMakeFiles/cmTryCompileExec3989635796.dir/build
gmake[1]: Entering directory `/dsmlp/datasets/home/home-02/67/767/arbera/project_ece284/libdivsufsort/build/CMakeFiles/CMakeTmp'
/usr/bin/cmake -E cmake_progress_report /datasets/home/67/767/arbera/project_ece284/libdivsufsort/build/CMakeFiles/CMakeTmp/CMakeFiles 1
Building C object CMakeFiles/cmTryCompileExec3989635796.dir/CheckSymbolExists.c.o
/usr/bin/cc  -D_FILE_OFFSET_BITS=64 -D_LARGEFILE_SOURCE -D_LARGE_FILES -D__STDC_CONSTANT_MACROS -D__STDC_FORMAT_MACROS -D__STDC_LIMIT_MACROS -Wall    -o CMakeFiles/cmTryCompileExec3989635796.dir/CheckSymbolExists.c.o   -c /datasets/home/67/767/arbera/project_ece284/libdivsufsort/build/CMakeFiles/CMakeTmp/CheckSymbolExists.c
Linking C executable cmTryCompileExec3989635796
/usr/bin/cmake -E cmake_link_script CMakeFiles/cmTryCompileExec3989635796.dir/link.txt --verbose=1
/usr/bin/cc   -Wall     CMakeFiles/cmTryCompileExec3989635796.dir/CheckSymbolExists.c.o  -o cmTryCompileExec3989635796 -rdynamic 
gmake[1]: Leaving directory `/dsmlp/datasets/home/home-02/67/767/arbera/project_ece284/libdivsufsort/build/CMakeFiles/CMakeTmp'

File /datasets/home/67/767/arbera/project_ece284/libdivsufsort/build/CMakeFiles/CMakeTmp/CheckSymbolExists.c:
/* */
#include <stdio.h>

int main(int argc, char** argv)
{
  (void)argv;
#ifndef fseeko
  return ((int*)(&fseeko))[argc];
#else
  (void)argc;
  return 0;
#endif
}

Determining if the ftello exist passed with the following output:
Change Dir: /datasets/home/67/767/arbera/project_ece284/libdivsufsort/build/CMakeFiles/CMakeTmp

Run Build Command:/usr/bin/gmake "cmTryCompileExec361095336/fast"
/usr/bin/gmake -f CMakeFiles/cmTryCompileExec361095336.dir/build.make CMakeFiles/cmTryCompileExec361095336.dir/build
gmake[1]: Entering directory `/dsmlp/datasets/home/home-02/67/767/arbera/project_ece284/libdivsufsort/build/CMakeFiles/CMakeTmp'
/usr/bin/cmake -E cmake_progress_report /datasets/home/67/767/arbera/project_ece284/libdivsufsort/build/CMakeFiles/CMakeTmp/CMakeFiles 1
Building C object CMakeFiles/cmTryCompileExec361095336.dir/CheckSymbolExists.c.o
/usr/bin/cc  -D_FILE_OFFSET_BITS=64 -D_LARGEFILE_SOURCE -D_LARGE_FILES -D__STDC_CONSTANT_MACROS -D__STDC_FORMAT_MACROS -D__STDC_LIMIT_MACROS -Wall    -o CMakeFiles/cmTryCompileExec361095336.dir/CheckSymbolExists.c.o   -c /datasets/home/67/767/arbera/project_ece284/libdivsufsort/build/CMakeFiles/CMakeTmp/CheckSymbolExists.c
Linking C executable cmTryCompileExec361095336
/usr/bin/cmake -E cmake_link_script CMakeFiles/cmTryCompileExec361095336.dir/link.txt --verbose=1
/usr/bin/cc   -Wall     CMakeFiles/cmTryCompileExec361095336.dir/CheckSymbolExists.c.o  -o cmTryCompileExec361095336 -rdynamic 
gmake[1]: Leaving directory `/dsmlp/datasets/home/home-02/67/767/arbera/project_ece284/libdivsufsort/build/CMakeFiles/CMakeTmp'

File /datasets/home/67/767/arbera/project_ece284/libdivsufsort/build/CMakeFiles/CMakeTmp/CheckSymbolExists.c:
/* */
#include <stdio.h>

int main(int argc, char** argv)
{
  (void)argv;
#ifndef ftello
  return ((int*)(&ftello))[argc];
#else
  (void)argc;
  return 0;
#endif
}

Determining if the PRIdMAX exist passed with the following output:
Change Dir: /datasets/home/67/767/arbera/project_ece284/libdivsufsort/build/CMakeFiles/CMakeTmp

Run Build Command:/usr/bin/gmake "cmTryCompileExec2284281471/fast"
/usr/bin/gmake -f CMakeFiles/cmTryCompileExec2284281471.dir/build.make CMakeFiles/cmTryCompileExec2284281471.dir/build
gmake[1]: Entering directory `/dsmlp/datasets/home/home-02/67/767/arbera/project_ece284/libdivsufsort/build/CMakeFiles/CMakeTmp'
/usr/bin/cmake -E cmake_progress_report /datasets/home/67/767/arbera/project_ece284/libdivsufsort/build/CMakeFiles/CMakeTmp/CMakeFiles 1
Building C object CMakeFiles/cmTryCompileExec2284281471.dir/CheckSymbolExists.c.o
/usr/bin/cc  -D_FILE_OFFSET_BITS=64 -D_LARGEFILE_SOURCE -D_LARGE_FILES -D__STDC_CONSTANT_MACROS -D__STDC_FORMAT_MACROS -D__STDC_LIMIT_MACROS -Wall    -o CMakeFiles/cmTryCompileExec2284281471.dir/CheckSymbolExists.c.o   -c /datasets/home/67/767/arbera/project_ece284/libdivsufsort/build/CMakeFiles/CMakeTmp/CheckSymbolExists.c
Linking C executable cmTryCompileExec2284281471
/usr/bin/cmake -E cmake_link_script CMakeFiles/cmTryCompileExec2284281471.dir/link.txt --verbose=1
/usr/bin/cc   -Wall     CMakeFiles/cmTryCompileExec2284281471.dir/CheckSymbolExists.c.o  -o cmTryCompileExec2284281471 -rdynamic 
gmake[1]: Leaving directory `/dsmlp/datasets/home/home-02/67/767/arbera/project_ece284/libdivsufsort/build/CMakeFiles/CMakeTmp'

File /datasets/home/67/767/arbera/project_ece284/libdivsufsort/build/CMakeFiles/CMakeTmp/CheckSymbolExists.c:
/* */
#include <inttypes.h>

int main(int argc, char** argv)
{
  (void)argv;
#ifndef PRIdMAX
  return ((int*)(&PRIdMAX))[argc];
#else
  (void)argc;
  return 0;
#endif
}

Performing C SOURCE FILE Test HAVE_INLINE succeded with the following output:
Change Dir: /datasets/home/67/767/arbera/project_ece284/libdivsufsort/build/CMakeFiles/CMakeTmp

Run Build Command:/usr/bin/gmake "cmTryCompileExec3197219877/fast"
/usr/bin/gmake -f CMakeFiles/cmTryCompileExec3197219877.dir/build.make CMakeFiles/cmTryCompileExec3197219877.dir/build
gmake[1]: Entering directory `/dsmlp/datasets/home/home-02/67/767/arbera/project_ece284/libdivsufsort/build/CMakeFiles/CMakeTmp'
/usr/bin/cmake -E cmake_progress_report /datasets/home/67/767/arbera/project_ece284/libdivsufsort/build/CMakeFiles/CMakeTmp/CMakeFiles 1
Building C object CMakeFiles/cmTryCompileExec3197219877.dir/src.c.o
/usr/bin/cc   -Wall -DHAVE_INLINE   -o CMakeFiles/cmTryCompileExec3197219877.dir/src.c.o   -c /datasets/home/67/767/arbera/project_ece284/libdivsufsort/build/CMakeFiles/CMakeTmp/src.c
Linking C executable cmTryCompileExec3197219877
/usr/bin/cmake -E cmake_link_script CMakeFiles/cmTryCompileExec3197219877.dir/link.txt --verbose=1
/usr/bin/cc   -Wall -DHAVE_INLINE    CMakeFiles/cmTryCompileExec3197219877.dir/src.c.o  -o cmTryCompileExec3197219877 -rdynamic 
gmake[1]: Leaving directory `/dsmlp/datasets/home/home-02/67/767/arbera/project_ece284/libdivsufsort/build/CMakeFiles/CMakeTmp'

Source file was:
inline void func(); void func() { } int main() { func(); return 0; }
Performing C SOURCE FILE Test HAVE___INLINE succeded with the following output:
Change Dir: /datasets/home/67/767/arbera/project_ece284/libdivsufsort/build/CMakeFiles/CMakeTmp

Run Build Command:/usr/bin/gmake "cmTryCompileExec1306512047/fast"
/usr/bin/gmake -f CMakeFiles/cmTryCompileExec1306512047.dir/build.make CMakeFiles/cmTryCompileExec1306512047.dir/build
gmake[1]: Entering directory `/dsmlp/datasets/home/home-02/67/767/arbera/project_ece284/libdivsufsort/build/CMakeFiles/CMakeTmp'
/usr/bin/cmake -E cmake_progress_report /datasets/home/67/767/arbera/project_ece284/libdivsufsort/build/CMakeFiles/CMakeTmp/CMakeFiles 1
Building C object CMakeFiles/cmTryCompileExec1306512047.dir/src.c.o
/usr/bin/cc   -Wall -DHAVE___INLINE   -o CMakeFiles/cmTryCompileExec1306512047.dir/src.c.o   -c /datasets/home/67/767/arbera/project_ece284/libdivsufsort/build/CMakeFiles/CMakeTmp/src.c
Linking C executable cmTryCompileExec1306512047
/usr/bin/cmake -E cmake_link_script CMakeFiles/cmTryCompileExec1306512047.dir/link.txt --verbose=1
/usr/bin/cc   -Wall -DHAVE___INLINE    CMakeFiles/cmTryCompileExec1306512047.dir/src.c.o  -o cmTryCompileExec1306512047 -rdynamic 
gmake[1]: Leaving directory `/dsmlp/datasets/home/home-02/67/767/arbera/project_ece284/libdivsufsort/build/CMakeFiles/CMakeTmp'

Source file was:
__inline void func(); void func() { } int main() { func(); return 0; }
Performing C SOURCE FILE Test HAVE___INLINE__ succeded with the following output:
Change Dir: /datasets/home/67/767/arbera/project_ece284/libdivsufsort/build/CMakeFiles/CMakeTmp

Run Build Command:/usr/bin/gmake "cmTryCompileExec3090326458/fast"
/usr/bin/gmake -f CMakeFiles/cmTryCompileExec3090326458.dir/build.make CMakeFiles/cmTryCompileExec3090326458.dir/build
gmake[1]: Entering directory `/dsmlp/datasets/home/home-02/67/767/arbera/project_ece284/libdivsufsort/build/CMakeFiles/CMakeTmp'
/usr/bin/cmake -E cmake_progress_report /datasets/home/67/767/arbera/project_ece284/libdivsufsort/build/CMakeFiles/CMakeTmp/CMakeFiles 1
Building C object CMakeFiles/cmTryCompileExec3090326458.dir/src.c.o
/usr/bin/cc   -Wall -DHAVE___INLINE__   -o CMakeFiles/cmTryCompileExec3090326458.dir/src.c.o   -c /datasets/home/67/767/arbera/project_ece284/libdivsufsort/build/CMakeFiles/CMakeTmp/src.c
Linking C executable cmTryCompileExec3090326458
/usr/bin/cmake -E cmake_link_script CMakeFiles/cmTryCompileExec3090326458.dir/link.txt --verbose=1
/usr/bin/cc   -Wall -DHAVE___INLINE__    CMakeFiles/cmTryCompileExec3090326458.dir/src.c.o  -o cmTryCompileExec3090326458 -rdynamic 
gmake[1]: Leaving directory `/dsmlp/datasets/home/home-02/67/767/arbera/project_ece284/libdivsufsort/build/CMakeFiles/CMakeTmp'

Source file was:
__inline__ void func(); void func() { } int main() { func(); return 0; }
Determining size of uint8_t passed with the following output:
Change Dir: /datasets/home/67/767/arbera/project_ece284/libdivsufsort/build/CMakeFiles/CMakeTmp

Run Build Command:/usr/bin/gmake "cmTryCompileExec1510767659/fast"
/usr/bin/gmake -f CMakeFiles/cmTryCompileExec1510767659.dir/build.make CMakeFiles/cmTryCompileExec1510767659.dir/build
gmake[1]: Entering directory `/dsmlp/datasets/home/home-02/67/767/arbera/project_ece284/libdivsufsort/build/CMakeFiles/CMakeTmp'
/usr/bin/cmake -E cmake_progress_report /datasets/home/67/767/arbera/project_ece284/libdivsufsort/build/CMakeFiles/CMakeTmp/CMakeFiles 1
Building C object CMakeFiles/cmTryCompileExec1510767659.dir/UINT8_T.c.o
/usr/bin/cc   -Wall    -o CMakeFiles/cmTryCompileExec1510767659.dir/UINT8_T.c.o   -c /datasets/home/67/767/arbera/project_ece284/libdivsufsort/build/CMakeFiles/CheckTypeSize/UINT8_T.c
Linking C executable cmTryCompileExec1510767659
/usr/bin/cmake -E cmake_link_script CMakeFiles/cmTryCompileExec1510767659.dir/link.txt --verbose=1
/usr/bin/cc   -Wall     CMakeFiles/cmTryCompileExec1510767659.dir/UINT8_T.c.o  -o cmTryCompileExec1510767659 -rdynamic 
gmake[1]: Leaving directory `/dsmlp/datasets/home/home-02/67/767/arbera/project_ece284/libdivsufsort/build/CMakeFiles/CMakeTmp'


Determining size of int32_t passed with the following output:
Change Dir: /datasets/home/67/767/arbera/project_ece284/libdivsufsort/build/CMakeFiles/CMakeTmp

Run Build Command:/usr/bin/gmake "cmTryCompileExec1284169829/fast"
/usr/bin/gmake -f CMakeFiles/cmTryCompileExec1284169829.dir/build.make CMakeFiles/cmTryCompileExec1284169829.dir/build
gmake[1]: Entering directory `/dsmlp/datasets/home/home-02/67/767/arbera/project_ece284/libdivsufsort/build/CMakeFiles/CMakeTmp'
/usr/bin/cmake -E cmake_progress_report /datasets/home/67/767/arbera/project_ece284/libdivsufsort/build/CMakeFiles/CMakeTmp/CMakeFiles 1
Building C object CMakeFiles/cmTryCompileExec1284169829.dir/INT32_T.c.o
/usr/bin/cc   -Wall    -o CMakeFiles/cmTryCompileExec1284169829.dir/INT32_T.c.o   -c /datasets/home/67/767/arbera/project_ece284/libdivsufsort/build/CMakeFiles/CheckTypeSize/INT32_T.c
Linking C executable cmTryCompileExec1284169829
/usr/bin/cmake -E cmake_link_script CMakeFiles/cmTryCompileExec1284169829.dir/link.txt --verbose=1
/usr/bin/cc   -Wall     CMakeFiles/cmTryCompileExec1284169829.dir/INT32_T.c.o  -o cmTryCompileExec1284169829 -rdynamic 
gmake[1]: Leaving directory `/dsmlp/datasets/home/home-02/67/767/arbera/project_ece284/libdivsufsort/build/CMakeFiles/CMakeTmp'


Determining if the PRId32 exist passed with the following output:
Change Dir: /datasets/home/67/767/arbera/project_ece284/libdivsufsort/build/CMakeFiles/CMakeTmp

Run Build Command:/usr/bin/gmake "cmTryCompileExec1865451770/fast"
/usr/bin/gmake -f CMakeFiles/cmTryCompileExec1865451770.dir/build.make CMakeFiles/cmTryCompileExec1865451770.dir/build
gmake[1]: Entering directory `/dsmlp/datasets/home/home-02/67/767/arbera/project_ece284/libdivsufsort/build/CMakeFiles/CMakeTmp'
/usr/bin/cmake -E cmake_progress_report /datasets/home/67/767/arbera/project_ece284/libdivsufsort/build/CMakeFiles/CMakeTmp/CMakeFiles 1
Building C object CMakeFiles/cmTryCompileExec1865451770.dir/CheckSymbolExists.c.o
/usr/bin/cc   -Wall    -o CMakeFiles/cmTryCompileExec1865451770.dir/CheckSymbolExists.c.o   -c /datasets/home/67/767/arbera/project_ece284/libdivsufsort/build/CMakeFiles/CMakeTmp/CheckSymbolExists.c
Linking C executable cmTryCompileExec1865451770
/usr/bin/cmake -E cmake_link_script CMakeFiles/cmTryCompileExec1865451770.dir/link.txt --verbose=1
/usr/bin/cc   -Wall     CMakeFiles/cmTryCompileExec1865451770.dir/CheckSymbolExists.c.o  -o cmTryCompileExec1865451770 -rdynamic 
gmake[1]: Leaving directory `/dsmlp/datasets/home/home-02/67/767/arbera/project_ece284/libdivsufsort/build/CMakeFiles/CMakeTmp'

File /datasets/home/67/767/arbera/project_ece284/libdivsufsort/build/CMakeFiles/CMakeTmp/CheckSymbolExists.c:
/* */
#include <inttypes.h>

int main(int argc, char** argv)
{
  (void)argv;
#ifndef PRId32
  return ((int*)(&PRId32))[argc];
#else
  (void)argc;
  return 0;
#endif
}

